# JRE version: Java(TM) SE Runtime Environment (8.0_51-b16) (build 1.8.0_51-b16)
# Java VM: Java HotSpot(TM) 64-Bit Server VM (25.51-b03 mixed mode bsd-amd64 compressed oops)
Heap:
 PSYoungGen      total 76288K, used 7765K [0x000000076ab00000, 0x0000000774000000, 0x00000007c0000000)
  eden space 65536K, 11% used [0x000000076ab00000,0x000000076b295718,0x000000076eb00000)
  from space 10752K, 0% used [0x000000076f580000,0x000000076f580000,0x0000000770000000)
  to   space 10752K, 0% used [0x000000076eb00000,0x000000076eb00000,0x000000076f580000)
 ParOldGen       total 150528K, used 27953K [0x00000006c0000000, 0x00000006c9300000, 0x000000076ab00000)
  object space 150528K, 18% used [0x00000006c0000000,0x00000006c1b4c4c0,0x00000006c9300000)
 Metaspace       used 22008K, capacity 22702K, committed 22912K, reserved 1069056K
  class space    used 2973K, capacity 3142K, committed 3200K, reserved 1048576K
GC Heap History (6 events):
Event: 6.023 GC heap before
{Heap before GC invocations=1 (full 0):
 PSYoungGen      total 76288K, used 53770K [0x000000076ab00000, 0x0000000770000000, 0x00000007c0000000)
  eden space 65536K, 82% used [0x000000076ab00000,0x000000076df82a78,0x000000076eb00000)
  from space 10752K, 0% used [0x000000076f580000,0x000000076f580000,0x0000000770000000)
  to   space 10752K, 0% used [0x000000076eb00000,0x000000076eb00000,0x000000076f580000)
 ParOldGen       total 175104K, used 0K [0x00000006c0000000, 0x00000006cab00000, 0x000000076ab00000)
  object space 175104K, 0% used [0x00000006c0000000,0x00000006c0000000,0x00000006cab00000)
 Metaspace       used 19198K, capacity 19898K, committed 20224K, reserved 1067008K
  class space    used 2582K, capacity 2743K, committed 2816K, reserved 1048576K
Event: 6.028 GC heap after
Heap after GC invocations=1 (full 0):
 PSYoungGen      total 76288K, used 5173K [0x000000076ab00000, 0x0000000770000000, 0x00000007c0000000)
  eden space 65536K, 0% used [0x000000076ab00000,0x000000076ab00000,0x000000076eb00000)
  from space 10752K, 48% used [0x000000076eb00000,0x000000076f00d530,0x000000076f580000)
  to   space 10752K, 0% used [0x000000076f580000,0x000000076f580000,0x0000000770000000)
 ParOldGen       total 175104K, used 80K [0x00000006c0000000, 0x00000006cab00000, 0x000000076ab00000)
  object space 175104K, 0% used [0x00000006c0000000,0x00000006c0014010,0x00000006cab00000)
 Metaspace       used 19198K, capacity 19898K, committed 20224K, reserved 1067008K
  class space    used 2582K, capacity 2743K, committed 2816K, reserved 1048576K
}
Event: 6.145 GC heap before
{Heap before GC invocations=2 (full 0):
 PSYoungGen      total 76288K, used 32995K [0x000000076ab00000, 0x0000000770000000, 0x00000007c0000000)
  eden space 65536K, 42% used [0x000000076ab00000,0x000000076c62ba80,0x000000076eb00000)
  from space 10752K, 48% used [0x000000076eb00000,0x000000076f00d530,0x000000076f580000)
  to   space 10752K, 0% used [0x000000076f580000,0x000000076f580000,0x0000000770000000)
 ParOldGen       total 175104K, used 80K [0x00000006c0000000, 0x00000006cab00000, 0x000000076ab00000)
  object space 175104K, 0% used [0x00000006c0000000,0x00000006c0014010,0x00000006cab00000)
 Metaspace       used 20528K, capacity 21192K, committed 21296K, reserved 1067008K
  class space    used 2772K, capacity 2939K, committed 2944K, reserved 1048576K
Event: 6.165 GC heap after
Heap after GC invocations=2 (full 0):
 PSYoungGen      total 76288K, used 6583K [0x000000076ab00000, 0x0000000774000000, 0x00000007c0000000)
  eden space 65536K, 0% used [0x000000076ab00000,0x000000076ab00000,0x000000076eb00000)
  from space 10752K, 61% used [0x000000076f580000,0x000000076fbedf10,0x0000000770000000)
  to   space 10752K, 0% used [0x000000076eb00000,0x000000076eb00000,0x000000076f580000)
 ParOldGen       total 175104K, used 43152K [0x00000006c0000000, 0x00000006cab00000, 0x000000076ab00000)
  object space 175104K, 24% used [0x00000006c0000000,0x00000006c2a24030,0x00000006cab00000)
 Metaspace       used 20528K, capacity 21192K, committed 21296K, reserved 1067008K
  class space    used 2772K, capacity 2939K, committed 2944K, reserved 1048576K
}
Event: 6.165 GC heap before
{Heap before GC invocations=3 (full 1):
 PSYoungGen      total 76288K, used 6583K [0x000000076ab00000, 0x0000000774000000, 0x00000007c0000000)
  eden space 65536K, 0% used [0x000000076ab00000,0x000000076ab00000,0x000000076eb00000)
  from space 10752K, 61% used [0x000000076f580000,0x000000076fbedf10,0x0000000770000000)
  to   space 10752K, 0% used [0x000000076eb00000,0x000000076eb00000,0x000000076f580000)
 ParOldGen       total 175104K, used 43152K [0x00000006c0000000, 0x00000006cab00000, 0x000000076ab00000)
  object space 175104K, 24% used [0x00000006c0000000,0x00000006c2a24030,0x00000006cab00000)
 Metaspace       used 20528K, capacity 21192K, committed 21296K, reserved 1067008K
  class space    used 2772K, capacity 2939K, committed 2944K, reserved 1048576K
Event: 6.183 GC heap after
Heap after GC invocations=3 (full 1):
 PSYoungGen      total 76288K, used 0K [0x000000076ab00000, 0x0000000774000000, 0x00000007c0000000)
  eden space 65536K, 0% used [0x000000076ab00000,0x000000076ab00000,0x000000076eb00000)
  from space 10752K, 0% used [0x000000076f580000,0x000000076f580000,0x0000000770000000)
  to   space 10752K, 0% used [0x000000076eb00000,0x000000076eb00000,0x000000076f580000)
 ParOldGen       total 150528K, used 27953K [0x00000006c0000000, 0x00000006c9300000, 0x000000076ab00000)
  object space 150528K, 18% used [0x00000006c0000000,0x00000006c1b4c4c0,0x00000006c9300000)
 Metaspace       used 20528K, capacity 21192K, committed 21296K, reserved 1067008K
  class space    used 2772K, capacity 2939K, committed 2944K, reserved 1048576K
}

